<?xml version="1.0" encoding="UTF-8"?>
<coverage generated="1741005822215" clover="3.2.0">
  <project timestamp="1741005822216" name="All files">
    <metrics statements="6" coveredstatements="6" conditionals="6" coveredconditionals="5" methods="1" coveredmethods="1" elements="13" coveredelements="12" complexity="0" loc="6" ncloc="6" packages="1" files="1" classes="1"/>
    <file name="capitalize.js" path="/home/rphanapi/repos/jest-practice/capitalize/capitalize.js">
      <metrics statements="6" coveredstatements="6" conditionals="6" coveredconditionals="5" methods="1" coveredmethods="1"/>
      <line num="2" count="8" type="cond" truecount="2" falsecount="0"/>
      <line num="3" count="7" type="stmt"/>
      <line num="4" count="7" type="cond" truecount="2" falsecount="0"/>
      <line num="5" count="2" type="stmt"/>
      <line num="8" count="7" type="cond" truecount="1" falsecount="1"/>
      <line num="9" count="7" type="stmt"/>
    </file>
  </project>
</coverage>
