<?xml version="1.0" encoding="UTF-8"?>
<coverage generated="1741050724839" clover="3.2.0">
  <project timestamp="1741050724839" name="All files">
    <metrics statements="33" coveredstatements="33" conditionals="22" coveredconditionals="22" methods="8" coveredmethods="8" elements="63" coveredelements="63" complexity="0" loc="33" ncloc="33" packages="4" files="4" classes="4"/>
    <package name="calculator">
      <metrics statements="12" coveredstatements="12" conditionals="6" coveredconditionals="6" methods="5" coveredmethods="5"/>
      <file name="calculator.js" path="/home/rphanapi/repos/jest-practice/calculator/calculator.js">
        <metrics statements="12" coveredstatements="12" conditionals="6" coveredconditionals="6" methods="5" coveredmethods="5"/>
        <line num="1" count="1" type="stmt"/>
        <line num="3" count="2" type="stmt"/>
        <line num="4" count="1" type="stmt"/>
        <line num="7" count="2" type="stmt"/>
        <line num="8" count="1" type="stmt"/>
        <line num="11" count="2" type="stmt"/>
        <line num="12" count="1" type="stmt"/>
        <line num="15" count="3" type="stmt"/>
        <line num="16" count="2" type="cond" truecount="2" falsecount="0"/>
        <line num="17" count="1" type="stmt"/>
        <line num="23" count="9" type="cond" truecount="4" falsecount="0"/>
        <line num="24" count="4" type="stmt"/>
      </file>
    </package>
    <package name="capitalize">
      <metrics statements="6" coveredstatements="6" conditionals="6" coveredconditionals="6" methods="1" coveredmethods="1"/>
      <file name="capitalize.js" path="/home/rphanapi/repos/jest-practice/capitalize/capitalize.js">
        <metrics statements="6" coveredstatements="6" conditionals="6" coveredconditionals="6" methods="1" coveredmethods="1"/>
        <line num="3" count="9" type="cond" truecount="2" falsecount="0"/>
        <line num="5" count="8" type="stmt"/>
        <line num="6" count="8" type="cond" truecount="2" falsecount="0"/>
        <line num="7" count="7" type="stmt"/>
        <line num="11" count="8" type="cond" truecount="2" falsecount="0"/>
        <line num="13" count="7" type="stmt"/>
      </file>
    </package>
    <package name="ceasarCipher">
      <metrics statements="10" coveredstatements="10" conditionals="8" coveredconditionals="8" methods="1" coveredmethods="1"/>
      <file name="ceasarCipher.js" path="/home/rphanapi/repos/jest-practice/ceasarCipher/ceasarCipher.js">
        <metrics statements="10" coveredstatements="10" conditionals="8" coveredconditionals="8" methods="1" coveredmethods="1"/>
        <line num="2" count="9" type="stmt"/>
        <line num="4" count="9" type="stmt"/>
        <line num="5" count="45" type="stmt"/>
        <line num="7" count="45" type="stmt"/>
        <line num="10" count="45" type="cond" truecount="4" falsecount="0"/>
        <line num="13" count="8" type="stmt"/>
        <line num="16" count="37" type="cond" truecount="4" falsecount="0"/>
        <line num="18" count="33" type="stmt"/>
        <line num="23" count="4" type="stmt"/>
        <line num="27" count="9" type="stmt"/>
      </file>
    </package>
    <package name="reverseString">
      <metrics statements="5" coveredstatements="5" conditionals="2" coveredconditionals="2" methods="1" coveredmethods="1"/>
      <file name="reverseString.js" path="/home/rphanapi/repos/jest-practice/reverseString/reverseString.js">
        <metrics statements="5" coveredstatements="5" conditionals="2" coveredconditionals="2" methods="1" coveredmethods="1"/>
        <line num="2" count="4" type="cond" truecount="2" falsecount="0"/>
        <line num="3" count="3" type="stmt"/>
        <line num="4" count="3" type="stmt"/>
        <line num="5" count="28" type="stmt"/>
        <line num="7" count="3" type="stmt"/>
      </file>
    </package>
  </project>
</coverage>
