{"/home/rphanapi/repos/jest-practice/capitalize/capitalize.js": {"path":"/home/rphanapi/repos/jest-practice/capitalize/capitalize.js","statementMap":{"0":{"start":{"line":2,"column":2},"end":{"line":2,"column":34}},"1":{"start":{"line":2,"column":24},"end":{"line":2,"column":34}},"2":{"start":{"line":3,"column":27},"end":{"line":3,"column":28}},"3":{"start":{"line":4,"column":2},"end":{"line":6,"column":3}},"4":{"start":{"line":5,"column":4},"end":{"line":5,"column":25}},"5":{"start":{"line":8,"column":2},"end":{"line":8,"column":52}},"6":{"start":{"line":8,"column":41},"end":{"line":8,"column":52}},"7":{"start":{"line":9,"column":2},"end":{"line":9,"column":118}}},"fnMap":{"0":{"name":"capitalize","decl":{"start":{"line":1,"column":16},"end":{"line":1,"column":26}},"loc":{"start":{"line":1,"column":32},"end":{"line":10,"column":1}},"line":1}},"branchMap":{"0":{"loc":{"start":{"line":2,"column":2},"end":{"line":2,"column":34}},"type":"if","locations":[{"start":{"line":2,"column":2},"end":{"line":2,"column":34}},{"start":{},"end":{}}],"line":2},"1":{"loc":{"start":{"line":4,"column":9},"end":{"line":4,"column":75}},"type":"binary-expr","locations":[{"start":{"line":4,"column":9},"end":{"line":4,"column":40}},{"start":{"line":4,"column":44},"end":{"line":4,"column":75}}],"line":4},"2":{"loc":{"start":{"line":8,"column":2},"end":{"line":8,"column":52}},"type":"if","locations":[{"start":{"line":8,"column":2},"end":{"line":8,"column":52}},{"start":{},"end":{}}],"line":8}},"s":{"0":8,"1":1,"2":7,"3":7,"4":2,"5":7,"6":0,"7":7},"f":{"0":8},"b":{"0":[1,7],"1":[9,9],"2":[0,7]},"_coverageSchema":"1a1c01bbd47fc00a2c39e90264f33305004495a9","hash":"955c1d9c84d4661f7e627997d6a85cee49edf3c3"}
}
