{"/home/rphanapi/repos/jest-practice/capitalize/capitalize.js": {"path":"/home/rphanapi/repos/jest-practice/capitalize/capitalize.js","statementMap":{"0":{"start":{"line":3,"column":2},"end":{"line":3,"column":34}},"1":{"start":{"line":3,"column":24},"end":{"line":3,"column":34}},"2":{"start":{"line":5,"column":23},"end":{"line":5,"column":24}},"3":{"start":{"line":6,"column":2},"end":{"line":8,"column":3}},"4":{"start":{"line":7,"column":4},"end":{"line":7,"column":21}},"5":{"start":{"line":11,"column":2},"end":{"line":11,"column":48}},"6":{"start":{"line":11,"column":37},"end":{"line":11,"column":48}},"7":{"start":{"line":13,"column":2},"end":{"line":13,"column":106}}},"fnMap":{"0":{"name":"capitalize","decl":{"start":{"line":1,"column":16},"end":{"line":1,"column":26}},"loc":{"start":{"line":1,"column":32},"end":{"line":14,"column":1}},"line":1}},"branchMap":{"0":{"loc":{"start":{"line":3,"column":2},"end":{"line":3,"column":34}},"type":"if","locations":[{"start":{"line":3,"column":2},"end":{"line":3,"column":34}},{"start":{},"end":{}}],"line":3},"1":{"loc":{"start":{"line":6,"column":9},"end":{"line":6,"column":67}},"type":"binary-expr","locations":[{"start":{"line":6,"column":9},"end":{"line":6,"column":36}},{"start":{"line":6,"column":40},"end":{"line":6,"column":67}}],"line":6},"2":{"loc":{"start":{"line":11,"column":2},"end":{"line":11,"column":48}},"type":"if","locations":[{"start":{"line":11,"column":2},"end":{"line":11,"column":48}},{"start":{},"end":{}}],"line":11}},"s":{"0":8,"1":1,"2":7,"3":7,"4":2,"5":7,"6":0,"7":7},"f":{"0":8},"b":{"0":[1,7],"1":[9,9],"2":[0,7]},"_coverageSchema":"1a1c01bbd47fc00a2c39e90264f33305004495a9","hash":"ee5be4024974a231aa1575273039e2fa484b9c4f"}
}
