TN:
SF:calculator/calculator.js
FN:2,(anonymous_0)
FN:6,(anonymous_1)
FN:10,(anonymous_2)
FN:14,(anonymous_3)
FN:22,validateOperands
FNF:5
FNH:5
FNDA:2,(anonymous_0)
FNDA:2,(anonymous_1)
FNDA:2,(anonymous_2)
FNDA:3,(anonymous_3)
FNDA:9,validateOperands
DA:1,1
DA:3,2
DA:4,1
DA:7,2
DA:8,1
DA:11,2
DA:12,1
DA:15,3
DA:16,2
DA:17,1
DA:23,9
DA:24,4
LF:12
LH:12
BRDA:16,0,0,1
BRDA:16,0,1,1
BRDA:23,1,0,4
BRDA:23,1,1,5
BRDA:23,2,0,9
BRDA:23,2,1,6
BRF:6
BRH:6
end_of_record
TN:
SF:capitalize/capitalize.js
FN:1,capitalize
FNF:1
FNH:1
FNDA:9,capitalize
DA:3,9
DA:5,8
DA:6,8
DA:7,7
DA:11,8
DA:13,7
LF:6
LH:6
BRDA:3,0,0,1
BRDA:3,0,1,8
BRDA:6,1,0,15
BRDA:6,1,1,14
BRDA:11,2,0,1
BRDA:11,2,1,7
BRF:6
BRH:6
end_of_record
TN:
SF:reverseString/reverseString.js
FN:1,reverseString
FNF:1
FNH:1
FNDA:4,reverseString
DA:2,4
DA:3,3
DA:4,3
DA:5,28
DA:7,3
LF:5
LH:5
BRDA:2,0,0,1
BRDA:2,0,1,3
BRF:2
BRH:2
end_of_record
